08:37:59.697 [main] INFO  com.intuit.karate.Runner - waiting for parallel features to complete ...
08:37:59.748 [pool-1-thread-1] INFO  com.intuit.karate - found scenario at line: 8 - ^Create booking$
08:37:59.978 [ForkJoinPool-1-worker-1] INFO  com.intuit.karate - karate.env system property was:  
08:38:00.963 [ForkJoinPool-1-worker-1] DEBUG com.intuit.karate - request:
1 > POST https://restful-booker.herokuapp.com/booking
1 > Accept: application/json
1 > Accept-Encoding: gzip,deflate
1 > Connection: Keep-Alive
1 > Content-Length: 168
1 > Content-Type: application/json; charset=UTF-8
1 > Host: restful-booker.herokuapp.com
1 > User-Agent: Apache-HttpClient/4.5.12 (Java/1.8.0_251)
{"firstname":"Jim","lastname":"Brown","totalprice":111,"depositpaid":true,"bookingdates":{"checkin":"2018-01-01","checkout":"2019-01-01"},"additionalneeds":"Breakfast"}

08:38:01.821 [ForkJoinPool-1-worker-1] DEBUG com.intuit.karate - response time in milliseconds: 852.74
1 < 200
1 < Connection: keep-alive
1 < Content-Length: 195
1 < Content-Type: application/json; charset=utf-8
1 < Date: Sat, 26 Mar 2022 13:38:01 GMT
1 < Etag: W/"c3-VtQVOycJsloccY/dnn4dKDbb8Qw"
1 < Server: Cowboy
1 < Via: 1.1 vegur
1 < X-Powered-By: Express
{
  "bookingid": 22,
  "booking": {
    "firstname": "Jim",
    "lastname": "Brown",
    "totalprice": 111,
    "depositpaid": true,
    "bookingdates": {
      "checkin": "2018-01-01",
      "checkout": "2019-01-01"
    },
    "additionalneeds": "Breakfast"
  }
}


08:38:01.992 [pool-1-thread-1] INFO  com.intuit.karate.Runner - <<pass>> feature 1 of 1: src/test/java/Apis/CreateBooking/CreateBooking.feature
